{"/home/oliver/Development/Aula/aip/src/aip.js": {"path":"/home/oliver/Development/Aula/aip/src/aip.js","statementMap":{"0":{"start":{"line":9,"column":4},"end":{"line":9,"column":58}},"1":{"start":{"line":10,"column":4},"end":{"line":10,"column":64}},"2":{"start":{"line":11,"column":4},"end":{"line":11,"column":91}},"3":{"start":{"line":11,"column":86},"end":{"line":11,"column":87}},"4":{"start":{"line":13,"column":4},"end":{"line":13,"column":25}},"5":{"start":{"line":15,"column":4},"end":{"line":18,"column":7}},"6":{"start":{"line":22,"column":4},"end":{"line":22,"column":36}},"7":{"start":{"line":24,"column":4},"end":{"line":24,"column":26}},"8":{"start":{"line":25,"column":4},"end":{"line":25,"column":33}},"9":{"start":{"line":26,"column":4},"end":{"line":26,"column":38}},"10":{"start":{"line":27,"column":4},"end":{"line":27,"column":31}},"11":{"start":{"line":29,"column":4},"end":{"line":29,"column":52}}},"fnMap":{"0":{"name":"(anonymous_0)","decl":{"start":{"line":8,"column":2},"end":{"line":8,"column":3}},"loc":{"start":{"line":8,"column":23},"end":{"line":19,"column":3}},"line":8},"1":{"name":"(anonymous_1)","decl":{"start":{"line":11,"column":81},"end":{"line":11,"column":82}},"loc":{"start":{"line":11,"column":86},"end":{"line":11,"column":87}},"line":11},"2":{"name":"(anonymous_2)","decl":{"start":{"line":21,"column":2},"end":{"line":21,"column":3}},"loc":{"start":{"line":21,"column":16},"end":{"line":30,"column":3}},"line":21}},"branchMap":{"0":{"loc":{"start":{"line":9,"column":15},"end":{"line":9,"column":57}},"type":"binary-expr","locations":[{"start":{"line":9,"column":15},"end":{"line":9,"column":33}},{"start":{"line":9,"column":37},"end":{"line":9,"column":57}}],"line":9},"1":{"loc":{"start":{"line":10,"column":17},"end":{"line":10,"column":63}},"type":"binary-expr","locations":[{"start":{"line":10,"column":17},"end":{"line":10,"column":37}},{"start":{"line":10,"column":41},"end":{"line":10,"column":63}}],"line":10},"2":{"loc":{"start":{"line":11,"column":18},"end":{"line":11,"column":90}},"type":"binary-expr","locations":[{"start":{"line":11,"column":18},"end":{"line":11,"column":39}},{"start":{"line":11,"column":43},"end":{"line":11,"column":90}}],"line":11}},"s":{"0":2,"1":2,"2":2,"3":0,"4":2,"5":2,"6":1,"7":1,"8":1,"9":1,"10":1,"11":1},"f":{"0":2,"1":0,"2":1},"b":{"0":[2,1],"1":[2,1],"2":[2,1]},"_coverageSchema":"332fd63041d2c1bcb487cc26dd0d5f7d97098a6c","hash":"07b08ced0f8062e5cd6a94c0b22548e63a2a24ff"}
,"/home/oliver/Development/Aula/aip/src/config.js": {"path":"/home/oliver/Development/Aula/aip/src/config.js","statementMap":{"0":{"start":{"line":1,"column":28},"end":{"line":10,"column":2}},"1":{"start":{"line":1,"column":35},"end":{"line":10,"column":1}},"2":{"start":{"line":12,"column":34},"end":{"line":23,"column":1}},"3":{"start":{"line":13,"column":23},"end":{"line":13,"column":63}},"4":{"start":{"line":14,"column":21},"end":{"line":14,"column":59}},"5":{"start":{"line":15,"column":24},"end":{"line":15,"column":65}},"6":{"start":{"line":17,"column":2},"end":{"line":22,"column":4}},"7":{"start":{"line":25,"column":18},"end":{"line":33,"column":1}},"8":{"start":{"line":26,"column":13},"end":{"line":26,"column":27}},"9":{"start":{"line":27,"column":2},"end":{"line":30,"column":4}},"10":{"start":{"line":31,"column":2},"end":{"line":31,"column":34}},"11":{"start":{"line":32,"column":2},"end":{"line":32,"column":14}}},"fnMap":{"0":{"name":"(anonymous_0)","decl":{"start":{"line":1,"column":28},"end":{"line":1,"column":29}},"loc":{"start":{"line":1,"column":35},"end":{"line":10,"column":1}},"line":1},"1":{"name":"(anonymous_1)","decl":{"start":{"line":12,"column":34},"end":{"line":12,"column":35}},"loc":{"start":{"line":12,"column":46},"end":{"line":23,"column":1}},"line":12},"2":{"name":"(anonymous_2)","decl":{"start":{"line":25,"column":18},"end":{"line":25,"column":19}},"loc":{"start":{"line":25,"column":35},"end":{"line":33,"column":1}},"line":25}},"branchMap":{"0":{"loc":{"start":{"line":2,"column":20},"end":{"line":2,"column":77}},"type":"binary-expr","locations":[{"start":{"line":2,"column":20},"end":{"line":2,"column":49}},{"start":{"line":2,"column":53},"end":{"line":2,"column":77}}],"line":2},"1":{"loc":{"start":{"line":3,"column":33},"end":{"line":3,"column":77}},"type":"binary-expr","locations":[{"start":{"line":3,"column":33},"end":{"line":3,"column":69}},{"start":{"line":3,"column":73},"end":{"line":3,"column":77}}],"line":3},"2":{"loc":{"start":{"line":4,"column":18},"end":{"line":4,"column":71}},"type":"binary-expr","locations":[{"start":{"line":4,"column":18},"end":{"line":4,"column":45}},{"start":{"line":4,"column":49},"end":{"line":4,"column":71}}],"line":4},"3":{"loc":{"start":{"line":5,"column":31},"end":{"line":5,"column":73}},"type":"binary-expr","locations":[{"start":{"line":5,"column":31},"end":{"line":5,"column":65}},{"start":{"line":5,"column":69},"end":{"line":5,"column":73}}],"line":5},"4":{"loc":{"start":{"line":6,"column":21},"end":{"line":6,"column":92}},"type":"binary-expr","locations":[{"start":{"line":6,"column":21},"end":{"line":6,"column":51}},{"start":{"line":6,"column":55},"end":{"line":6,"column":92}}],"line":6},"5":{"loc":{"start":{"line":7,"column":34},"end":{"line":7,"column":79}},"type":"binary-expr","locations":[{"start":{"line":7,"column":34},"end":{"line":7,"column":71}},{"start":{"line":7,"column":75},"end":{"line":7,"column":79}}],"line":7},"6":{"loc":{"start":{"line":8,"column":18},"end":{"line":8,"column":63}},"type":"binary-expr","locations":[{"start":{"line":8,"column":18},"end":{"line":8,"column":57}},{"start":{"line":8,"column":61},"end":{"line":8,"column":63}}],"line":8},"7":{"loc":{"start":{"line":9,"column":23},"end":{"line":9,"column":67}},"type":"binary-expr","locations":[{"start":{"line":9,"column":23},"end":{"line":9,"column":61}},{"start":{"line":9,"column":65},"end":{"line":9,"column":67}}],"line":9},"8":{"loc":{"start":{"line":25,"column":19},"end":{"line":25,"column":30}},"type":"default-arg","locations":[{"start":{"line":25,"column":28},"end":{"line":25,"column":30}}],"line":25}},"s":{"0":1,"1":4,"2":1,"3":3,"4":3,"5":3,"6":3,"7":1,"8":2,"9":2,"10":2,"11":2},"f":{"0":4,"1":3,"2":2},"b":{"0":[4,3],"1":[4,3],"2":[4,3],"3":[4,3],"4":[4,3],"5":[4,3],"6":[4,3],"7":[4,3],"8":[1]},"_coverageSchema":"332fd63041d2c1bcb487cc26dd0d5f7d97098a6c","hash":"da2d55cc307ceaad99b4bdf3ab0d14cf291eb5d2"}
,"/home/oliver/Development/Aula/aip/src/exit.js": {"path":"/home/oliver/Development/Aula/aip/src/exit.js","statementMap":{"0":{"start":{"line":1,"column":23},"end":{"line":6,"column":1}},"1":{"start":{"line":8,"column":24},"end":{"line":11,"column":1}},"2":{"start":{"line":9,"column":2},"end":{"line":9,"column":36}},"3":{"start":{"line":10,"column":2},"end":{"line":10,"column":18}},"4":{"start":{"line":13,"column":24},"end":{"line":17,"column":1}},"5":{"start":{"line":14,"column":2},"end":{"line":16,"column":5}},"6":{"start":{"line":15,"column":4},"end":{"line":15,"column":47}},"7":{"start":{"line":15,"column":29},"end":{"line":15,"column":45}}},"fnMap":{"0":{"name":"(anonymous_0)","decl":{"start":{"line":8,"column":24},"end":{"line":8,"column":25}},"loc":{"start":{"line":8,"column":36},"end":{"line":11,"column":1}},"line":8},"1":{"name":"(anonymous_1)","decl":{"start":{"line":13,"column":24},"end":{"line":13,"column":25}},"loc":{"start":{"line":13,"column":30},"end":{"line":17,"column":1}},"line":13},"2":{"name":"(anonymous_2)","decl":{"start":{"line":14,"column":18},"end":{"line":14,"column":19}},"loc":{"start":{"line":14,"column":30},"end":{"line":16,"column":3}},"line":14},"3":{"name":"(anonymous_3)","decl":{"start":{"line":15,"column":23},"end":{"line":15,"column":24}},"loc":{"start":{"line":15,"column":29},"end":{"line":15,"column":45}},"line":15}},"branchMap":{},"s":{"0":1,"1":1,"2":1,"3":1,"4":1,"5":1,"6":4,"7":0},"f":{"0":1,"1":1,"2":4,"3":0},"b":{},"_coverageSchema":"332fd63041d2c1bcb487cc26dd0d5f7d97098a6c","hash":"7fe2fed5bb7732a89fe83e44f3653f66305cbcab"}
,"/home/oliver/Development/Aula/aip/src/rsa.js": {"path":"/home/oliver/Development/Aula/aip/src/rsa.js","statementMap":{"0":{"start":{"line":6,"column":4},"end":{"line":6,"column":49}},"1":{"start":{"line":7,"column":4},"end":{"line":7,"column":59}},"2":{"start":{"line":9,"column":4},"end":{"line":9,"column":27}},"3":{"start":{"line":10,"column":4},"end":{"line":10,"column":32}},"4":{"start":{"line":12,"column":4},"end":{"line":12,"column":25}},"5":{"start":{"line":16,"column":4},"end":{"line":16,"column":25}},"6":{"start":{"line":20,"column":4},"end":{"line":20,"column":26}},"7":{"start":{"line":21,"column":4},"end":{"line":21,"column":31}},"8":{"start":{"line":25,"column":23},"end":{"line":25,"column":59}},"9":{"start":{"line":26,"column":4},"end":{"line":26,"column":46}},"10":{"start":{"line":27,"column":4},"end":{"line":27,"column":42}},"11":{"start":{"line":31,"column":23},"end":{"line":31,"column":64}},"12":{"start":{"line":32,"column":4},"end":{"line":32,"column":51}},"13":{"start":{"line":33,"column":4},"end":{"line":33,"column":48}},"14":{"start":{"line":37,"column":4},"end":{"line":37,"column":55}},"15":{"start":{"line":41,"column":4},"end":{"line":41,"column":47}},"16":{"start":{"line":45,"column":4},"end":{"line":45,"column":48}},"17":{"start":{"line":49,"column":4},"end":{"line":49,"column":67}},"18":{"start":{"line":53,"column":22},"end":{"line":53,"column":36}},"19":{"start":{"line":54,"column":25},"end":{"line":54,"column":42}},"20":{"start":{"line":56,"column":4},"end":{"line":56,"column":41}},"21":{"start":{"line":60,"column":4},"end":{"line":72,"column":5}},"22":{"start":{"line":61,"column":20},"end":{"line":61,"column":52}},"23":{"start":{"line":61,"column":44},"end":{"line":61,"column":51}},"24":{"start":{"line":63,"column":22},"end":{"line":63,"column":44}},"25":{"start":{"line":64,"column":23},"end":{"line":64,"column":53}},"26":{"start":{"line":66,"column":6},"end":{"line":69,"column":8}},"27":{"start":{"line":71,"column":6},"end":{"line":71,"column":18}}},"fnMap":{"0":{"name":"(anonymous_0)","decl":{"start":{"line":5,"column":2},"end":{"line":5,"column":3}},"loc":{"start":{"line":5,"column":46},"end":{"line":13,"column":3}},"line":5},"1":{"name":"(anonymous_1)","decl":{"start":{"line":15,"column":2},"end":{"line":15,"column":3}},"loc":{"start":{"line":15,"column":20},"end":{"line":17,"column":3}},"line":15},"2":{"name":"(anonymous_2)","decl":{"start":{"line":19,"column":2},"end":{"line":19,"column":3}},"loc":{"start":{"line":19,"column":15},"end":{"line":22,"column":3}},"line":19},"3":{"name":"(anonymous_3)","decl":{"start":{"line":24,"column":2},"end":{"line":24,"column":3}},"loc":{"start":{"line":24,"column":19},"end":{"line":28,"column":3}},"line":24},"4":{"name":"(anonymous_4)","decl":{"start":{"line":30,"column":2},"end":{"line":30,"column":3}},"loc":{"start":{"line":30,"column":24},"end":{"line":34,"column":3}},"line":30},"5":{"name":"(anonymous_5)","decl":{"start":{"line":36,"column":2},"end":{"line":36,"column":3}},"loc":{"start":{"line":36,"column":15},"end":{"line":38,"column":3}},"line":36},"6":{"name":"(anonymous_6)","decl":{"start":{"line":40,"column":2},"end":{"line":40,"column":3}},"loc":{"start":{"line":40,"column":12},"end":{"line":42,"column":3}},"line":40},"7":{"name":"(anonymous_7)","decl":{"start":{"line":44,"column":2},"end":{"line":44,"column":3}},"loc":{"start":{"line":44,"column":15},"end":{"line":46,"column":3}},"line":44},"8":{"name":"(anonymous_8)","decl":{"start":{"line":48,"column":2},"end":{"line":48,"column":3}},"loc":{"start":{"line":48,"column":19},"end":{"line":50,"column":3}},"line":48},"9":{"name":"(anonymous_9)","decl":{"start":{"line":52,"column":2},"end":{"line":52,"column":3}},"loc":{"start":{"line":52,"column":22},"end":{"line":57,"column":3}},"line":52},"10":{"name":"(anonymous_10)","decl":{"start":{"line":59,"column":2},"end":{"line":59,"column":3}},"loc":{"start":{"line":59,"column":24},"end":{"line":73,"column":3}},"line":59},"11":{"name":"(anonymous_11)","decl":{"start":{"line":61,"column":39},"end":{"line":61,"column":40}},"loc":{"start":{"line":61,"column":44},"end":{"line":61,"column":51}},"line":61}},"branchMap":{"0":{"loc":{"start":{"line":5,"column":14},"end":{"line":5,"column":26}},"type":"default-arg","locations":[{"start":{"line":5,"column":24},"end":{"line":5,"column":26}}],"line":5},"1":{"loc":{"start":{"line":5,"column":28},"end":{"line":5,"column":44}},"type":"default-arg","locations":[{"start":{"line":5,"column":37},"end":{"line":5,"column":44}}],"line":5}},"s":{"0":12,"1":12,"2":12,"3":12,"4":12,"5":1,"6":5,"7":5,"8":6,"9":6,"10":6,"11":6,"12":6,"13":6,"14":3,"15":3,"16":4,"17":3,"18":2,"19":2,"20":2,"21":3,"22":3,"23":7,"24":3,"25":2,"26":2,"27":1},"f":{"0":12,"1":1,"2":5,"3":6,"4":6,"5":3,"6":3,"7":4,"8":3,"9":2,"10":3,"11":7},"b":{"0":[3],"1":[5]},"_coverageSchema":"332fd63041d2c1bcb487cc26dd0d5f7d97098a6c","hash":"de6a7cad1d8b8d46ef0330e65b0cdef0ab1875a7"}
,"/home/oliver/Development/Aula/aip/src/api/api.js": {"path":"/home/oliver/Development/Aula/aip/src/api/api.js","statementMap":{"0":{"start":{"line":16,"column":26},"end":{"line":16,"column":29}},"1":{"start":{"line":17,"column":13},"end":{"line":17,"column":17}},"2":{"start":{"line":21,"column":4},"end":{"line":21,"column":25}},"3":{"start":{"line":22,"column":4},"end":{"line":22,"column":25}},"4":{"start":{"line":23,"column":4},"end":{"line":23,"column":61}},"5":{"start":{"line":24,"column":4},"end":{"line":24,"column":36}},"6":{"start":{"line":25,"column":4},"end":{"line":25,"column":36}},"7":{"start":{"line":26,"column":4},"end":{"line":26,"column":20}},"8":{"start":{"line":30,"column":4},"end":{"line":30,"column":46}},"9":{"start":{"line":34,"column":4},"end":{"line":34,"column":44}},"10":{"start":{"line":38,"column":4},"end":{"line":38,"column":50}},"11":{"start":{"line":40,"column":4},"end":{"line":45,"column":6}},"12":{"start":{"line":47,"column":4},"end":{"line":51,"column":6}},"13":{"start":{"line":53,"column":4},"end":{"line":53,"column":31}},"14":{"start":{"line":54,"column":4},"end":{"line":54,"column":34}},"15":{"start":{"line":58,"column":4},"end":{"line":58,"column":27}},"16":{"start":{"line":59,"column":4},"end":{"line":65,"column":7}},"17":{"start":{"line":60,"column":6},"end":{"line":60,"column":24}},"18":{"start":{"line":61,"column":6},"end":{"line":64,"column":9}},"19":{"start":{"line":62,"column":8},"end":{"line":62,"column":60}},"20":{"start":{"line":63,"column":8},"end":{"line":63,"column":18}}},"fnMap":{"0":{"name":"(anonymous_0)","decl":{"start":{"line":20,"column":2},"end":{"line":20,"column":3}},"loc":{"start":{"line":20,"column":16},"end":{"line":27,"column":3}},"line":20},"1":{"name":"(anonymous_1)","decl":{"start":{"line":29,"column":2},"end":{"line":29,"column":3}},"loc":{"start":{"line":29,"column":24},"end":{"line":31,"column":3}},"line":29},"2":{"name":"(anonymous_2)","decl":{"start":{"line":33,"column":2},"end":{"line":33,"column":3}},"loc":{"start":{"line":33,"column":22},"end":{"line":35,"column":3}},"line":33},"3":{"name":"(anonymous_3)","decl":{"start":{"line":37,"column":2},"end":{"line":37,"column":3}},"loc":{"start":{"line":37,"column":15},"end":{"line":55,"column":3}},"line":37},"4":{"name":"(anonymous_4)","decl":{"start":{"line":57,"column":2},"end":{"line":57,"column":3}},"loc":{"start":{"line":57,"column":21},"end":{"line":66,"column":3}},"line":57},"5":{"name":"(anonymous_5)","decl":{"start":{"line":59,"column":23},"end":{"line":59,"column":24}},"loc":{"start":{"line":59,"column":36},"end":{"line":65,"column":5}},"line":59},"6":{"name":"(anonymous_6)","decl":{"start":{"line":61,"column":28},"end":{"line":61,"column":29}},"loc":{"start":{"line":61,"column":34},"end":{"line":64,"column":7}},"line":61}},"branchMap":{},"s":{"0":3,"1":3,"2":7,"3":7,"4":7,"5":7,"6":7,"7":7,"8":1,"9":1,"10":2,"11":2,"12":2,"13":2,"14":2,"15":1,"16":1,"17":1,"18":1,"19":1,"20":1},"f":{"0":7,"1":1,"2":1,"3":2,"4":1,"5":1,"6":1},"b":{},"_coverageSchema":"332fd63041d2c1bcb487cc26dd0d5f7d97098a6c","hash":"ece50c72d5eb695ddcd5e48a21ee4dac0a939198"}
,"/home/oliver/Development/Aula/aip/src/api/middlewares.js": {"path":"/home/oliver/Development/Aula/aip/src/api/middlewares.js","statementMap":{"0":{"start":{"line":2,"column":28},"end":{"line":5,"column":1}},"1":{"start":{"line":3,"column":2},"end":{"line":3,"column":21}},"2":{"start":{"line":4,"column":2},"end":{"line":4,"column":22}},"3":{"start":{"line":8,"column":31},"end":{"line":8,"column":64}},"4":{"start":{"line":8,"column":45},"end":{"line":8,"column":64}},"5":{"start":{"line":10,"column":42},"end":{"line":24,"column":1}},"6":{"start":{"line":10,"column":62},"end":{"line":24,"column":1}},"7":{"start":{"line":11,"column":2},"end":{"line":23,"column":3}},"8":{"start":{"line":12,"column":17},"end":{"line":12,"column":43}},"9":{"start":{"line":13,"column":4},"end":{"line":20,"column":5}},"10":{"start":{"line":14,"column":23},"end":{"line":14,"column":47}},"11":{"start":{"line":15,"column":6},"end":{"line":15,"column":29}},"12":{"start":{"line":16,"column":6},"end":{"line":16,"column":26}},"13":{"start":{"line":17,"column":6},"end":{"line":17,"column":13}},"14":{"start":{"line":19,"column":6},"end":{"line":19,"column":26}},"15":{"start":{"line":22,"column":4},"end":{"line":22,"column":24}},"16":{"start":{"line":26,"column":40},"end":{"line":33,"column":1}},"17":{"start":{"line":26,"column":58},"end":{"line":33,"column":1}},"18":{"start":{"line":27,"column":18},"end":{"line":27,"column":38}},"19":{"start":{"line":28,"column":2},"end":{"line":30,"column":3}},"20":{"start":{"line":29,"column":4},"end":{"line":29,"column":41}},"21":{"start":{"line":32,"column":2},"end":{"line":32,"column":38}}},"fnMap":{"0":{"name":"(anonymous_0)","decl":{"start":{"line":2,"column":28},"end":{"line":2,"column":29}},"loc":{"start":{"line":2,"column":55},"end":{"line":5,"column":1}},"line":2},"1":{"name":"(anonymous_1)","decl":{"start":{"line":8,"column":31},"end":{"line":8,"column":32}},"loc":{"start":{"line":8,"column":45},"end":{"line":8,"column":64}},"line":8},"2":{"name":"(anonymous_2)","decl":{"start":{"line":10,"column":42},"end":{"line":10,"column":43}},"loc":{"start":{"line":10,"column":62},"end":{"line":24,"column":1}},"line":10},"3":{"name":"(anonymous_3)","decl":{"start":{"line":10,"column":62},"end":{"line":10,"column":63}},"loc":{"start":{"line":10,"column":82},"end":{"line":24,"column":1}},"line":10},"4":{"name":"(anonymous_4)","decl":{"start":{"line":26,"column":40},"end":{"line":26,"column":41}},"loc":{"start":{"line":26,"column":58},"end":{"line":33,"column":1}},"line":26},"5":{"name":"(anonymous_5)","decl":{"start":{"line":26,"column":58},"end":{"line":26,"column":59}},"loc":{"start":{"line":26,"column":72},"end":{"line":33,"column":1}},"line":26}},"branchMap":{"0":{"loc":{"start":{"line":11,"column":2},"end":{"line":23,"column":3}},"type":"if","locations":[{"start":{"line":11,"column":2},"end":{"line":23,"column":3}},{"start":{"line":11,"column":2},"end":{"line":23,"column":3}}],"line":11},"1":{"loc":{"start":{"line":13,"column":4},"end":{"line":20,"column":5}},"type":"if","locations":[{"start":{"line":13,"column":4},"end":{"line":20,"column":5}},{"start":{"line":13,"column":4},"end":{"line":20,"column":5}}],"line":13},"2":{"loc":{"start":{"line":13,"column":8},"end":{"line":13,"column":29}},"type":"binary-expr","locations":[{"start":{"line":13,"column":8},"end":{"line":13,"column":12}},{"start":{"line":13,"column":16},"end":{"line":13,"column":29}}],"line":13},"3":{"loc":{"start":{"line":28,"column":2},"end":{"line":30,"column":3}},"type":"if","locations":[{"start":{"line":28,"column":2},"end":{"line":30,"column":3}},{"start":{"line":28,"column":2},"end":{"line":30,"column":3}}],"line":28}},"s":{"0":4,"1":1,"2":1,"3":4,"4":1,"5":4,"6":7,"7":3,"8":2,"9":2,"10":1,"11":1,"12":1,"13":1,"14":1,"15":1,"16":4,"17":4,"18":2,"19":2,"20":1,"21":2},"f":{"0":1,"1":1,"2":7,"3":3,"4":4,"5":2},"b":{"0":[2,1],"1":[1,1],"2":[2,1],"3":[1,1]},"_coverageSchema":"332fd63041d2c1bcb487cc26dd0d5f7d97098a6c","hash":"62332f63a018a7a00b482bbd6f9c03e797608336"}
,"/home/oliver/Development/Aula/aip/src/api/routers/health.js": {"path":"/home/oliver/Development/Aula/aip/src/api/routers/health.js","statementMap":{"0":{"start":{"line":3,"column":15},"end":{"line":3,"column":23}},"1":{"start":{"line":5,"column":0},"end":{"line":7,"column":3}},"2":{"start":{"line":6,"column":2},"end":{"line":6,"column":22}}},"fnMap":{"0":{"name":"(anonymous_0)","decl":{"start":{"line":5,"column":22},"end":{"line":5,"column":23}},"loc":{"start":{"line":5,"column":36},"end":{"line":7,"column":1}},"line":5}},"branchMap":{},"s":{"0":4,"1":4,"2":2},"f":{"0":2},"b":{},"_coverageSchema":"332fd63041d2c1bcb487cc26dd0d5f7d97098a6c","hash":"3c8b808ca467b90c7dca5a75d4437ac7e8ca7835"}
,"/home/oliver/Development/Aula/aip/src/api/routers/identity.js": {"path":"/home/oliver/Development/Aula/aip/src/api/routers/identity.js","statementMap":{"0":{"start":{"line":3,"column":12},"end":{"line":21,"column":1}},"1":{"start":{"line":4,"column":17},"end":{"line":4,"column":25}},"2":{"start":{"line":6,"column":2},"end":{"line":18,"column":5}},"3":{"start":{"line":7,"column":4},"end":{"line":7,"column":56}},"4":{"start":{"line":8,"column":17},"end":{"line":8,"column":57}},"5":{"start":{"line":10,"column":4},"end":{"line":14,"column":5}},"6":{"start":{"line":11,"column":6},"end":{"line":11,"column":68}},"7":{"start":{"line":13,"column":6},"end":{"line":13,"column":64}},"8":{"start":{"line":16,"column":4},"end":{"line":16,"column":39}},"9":{"start":{"line":17,"column":4},"end":{"line":17,"column":11}},"10":{"start":{"line":20,"column":2},"end":{"line":20,"column":16}}},"fnMap":{"0":{"name":"(anonymous_0)","decl":{"start":{"line":3,"column":12},"end":{"line":3,"column":13}},"loc":{"start":{"line":3,"column":21},"end":{"line":21,"column":1}},"line":3},"1":{"name":"(anonymous_1)","decl":{"start":{"line":6,"column":19},"end":{"line":6,"column":20}},"loc":{"start":{"line":6,"column":45},"end":{"line":18,"column":3}},"line":6}},"branchMap":{"0":{"loc":{"start":{"line":10,"column":4},"end":{"line":14,"column":5}},"type":"if","locations":[{"start":{"line":10,"column":4},"end":{"line":14,"column":5}},{"start":{"line":10,"column":4},"end":{"line":14,"column":5}}],"line":10}},"s":{"0":4,"1":5,"2":5,"3":2,"4":2,"5":2,"6":1,"7":1,"8":2,"9":2,"10":5},"f":{"0":5,"1":2},"b":{"0":[1,1]},"_coverageSchema":"332fd63041d2c1bcb487cc26dd0d5f7d97098a6c","hash":"d3c32fc20ceab534f7b7c843474f8856fd0115d1"}
,"/home/oliver/Development/Aula/aip/src/api/routers/update.js": {"path":"/home/oliver/Development/Aula/aip/src/api/routers/update.js","statementMap":{"0":{"start":{"line":4,"column":27},"end":{"line":6,"column":1}},"1":{"start":{"line":5,"column":2},"end":{"line":5,"column":33}},"2":{"start":{"line":8,"column":12},"end":{"line":17,"column":1}},"3":{"start":{"line":9,"column":17},"end":{"line":9,"column":25}},"4":{"start":{"line":11,"column":2},"end":{"line":14,"column":5}},"5":{"start":{"line":12,"column":4},"end":{"line":12,"column":46}},"6":{"start":{"line":13,"column":4},"end":{"line":13,"column":18}},"7":{"start":{"line":16,"column":2},"end":{"line":16,"column":16}}},"fnMap":{"0":{"name":"(anonymous_0)","decl":{"start":{"line":4,"column":27},"end":{"line":4,"column":28}},"loc":{"start":{"line":4,"column":33},"end":{"line":6,"column":1}},"line":4},"1":{"name":"(anonymous_1)","decl":{"start":{"line":8,"column":12},"end":{"line":8,"column":13}},"loc":{"start":{"line":8,"column":21},"end":{"line":17,"column":1}},"line":8},"2":{"name":"(anonymous_2)","decl":{"start":{"line":11,"column":19},"end":{"line":11,"column":20}},"loc":{"start":{"line":11,"column":25},"end":{"line":14,"column":3}},"line":11}},"branchMap":{},"s":{"0":4,"1":2,"2":4,"3":3,"4":3,"5":1,"6":1,"7":3},"f":{"0":2,"1":3,"2":1},"b":{},"_coverageSchema":"332fd63041d2c1bcb487cc26dd0d5f7d97098a6c","hash":"d0480ed9efb306068b0e3e3d5b7ace9a3dfd0f19"}
,"/home/oliver/Development/Aula/aip/src/utils/express.js": {"path":"/home/oliver/Development/Aula/aip/src/utils/express.js","statementMap":{"0":{"start":{"line":2,"column":32},"end":{"line":15,"column":1}},"1":{"start":{"line":3,"column":2},"end":{"line":14,"column":3}}},"fnMap":{"0":{"name":"(anonymous_0)","decl":{"start":{"line":2,"column":32},"end":{"line":2,"column":33}},"loc":{"start":{"line":2,"column":58},"end":{"line":15,"column":1}},"line":2}},"branchMap":{},"s":{"0":3,"1":1},"f":{"0":1},"b":{},"_coverageSchema":"332fd63041d2c1bcb487cc26dd0d5f7d97098a6c","hash":"c7517c14b4e997506be7b4bac474ac5d76c498c9"}
}
