TN:
SF:/home/oliver/Development/Aula/aip/src/aip.js
FN:8,(anonymous_0)
FN:11,(anonymous_1)
FN:21,(anonymous_2)
FNF:3
FNH:2
FNDA:2,(anonymous_0)
FNDA:0,(anonymous_1)
FNDA:1,(anonymous_2)
DA:9,2
DA:10,2
DA:11,2
DA:13,2
DA:15,2
DA:22,1
DA:24,1
DA:25,1
DA:26,1
DA:27,1
DA:29,1
LF:11
LH:11
BRDA:9,0,0,2
BRDA:9,0,1,1
BRDA:10,1,0,2
BRDA:10,1,1,1
BRDA:11,2,0,2
BRDA:11,2,1,1
BRF:6
BRH:6
end_of_record
TN:
SF:/home/oliver/Development/Aula/aip/src/config.js
FN:1,(anonymous_0)
FN:12,(anonymous_1)
FN:25,(anonymous_2)
FNF:3
FNH:3
FNDA:4,(anonymous_0)
FNDA:3,(anonymous_1)
FNDA:2,(anonymous_2)
DA:1,4
DA:12,1
DA:13,3
DA:14,3
DA:15,3
DA:17,3
DA:25,1
DA:26,2
DA:27,2
DA:31,2
DA:32,2
LF:11
LH:11
BRDA:2,0,0,4
BRDA:2,0,1,3
BRDA:3,1,0,4
BRDA:3,1,1,3
BRDA:4,2,0,4
BRDA:4,2,1,3
BRDA:5,3,0,4
BRDA:5,3,1,3
BRDA:6,4,0,4
BRDA:6,4,1,3
BRDA:7,5,0,4
BRDA:7,5,1,3
BRDA:8,6,0,4
BRDA:8,6,1,3
BRDA:9,7,0,4
BRDA:9,7,1,3
BRDA:25,8,0,1
BRF:17
BRH:17
end_of_record
TN:
SF:/home/oliver/Development/Aula/aip/src/exit.js
FN:8,(anonymous_0)
FN:13,(anonymous_1)
FN:14,(anonymous_2)
FN:15,(anonymous_3)
FNF:4
FNH:3
FNDA:1,(anonymous_0)
FNDA:1,(anonymous_1)
FNDA:4,(anonymous_2)
FNDA:0,(anonymous_3)
DA:1,1
DA:8,1
DA:9,1
DA:10,1
DA:13,1
DA:14,1
DA:15,4
LF:7
LH:7
BRF:0
BRH:0
end_of_record
TN:
SF:/home/oliver/Development/Aula/aip/src/rsa.js
FN:5,(anonymous_0)
FN:15,(anonymous_1)
FN:19,(anonymous_2)
FN:24,(anonymous_3)
FN:30,(anonymous_4)
FN:36,(anonymous_5)
FN:40,(anonymous_6)
FN:44,(anonymous_7)
FN:48,(anonymous_8)
FN:52,(anonymous_9)
FN:59,(anonymous_10)
FN:61,(anonymous_11)
FNF:12
FNH:12
FNDA:12,(anonymous_0)
FNDA:1,(anonymous_1)
FNDA:5,(anonymous_2)
FNDA:6,(anonymous_3)
FNDA:6,(anonymous_4)
FNDA:3,(anonymous_5)
FNDA:3,(anonymous_6)
FNDA:4,(anonymous_7)
FNDA:3,(anonymous_8)
FNDA:2,(anonymous_9)
FNDA:3,(anonymous_10)
FNDA:7,(anonymous_11)
DA:6,12
DA:7,12
DA:9,12
DA:10,12
DA:12,12
DA:16,1
DA:20,5
DA:21,5
DA:25,6
DA:26,6
DA:27,6
DA:31,6
DA:32,6
DA:33,6
DA:37,3
DA:41,3
DA:45,4
DA:49,3
DA:53,2
DA:54,2
DA:56,2
DA:60,3
DA:61,7
DA:63,3
DA:64,2
DA:66,2
DA:71,1
LF:27
LH:27
BRDA:5,0,0,3
BRDA:5,1,0,5
BRF:2
BRH:2
end_of_record
TN:
SF:/home/oliver/Development/Aula/aip/src/api/api.js
FN:20,(anonymous_0)
FN:29,(anonymous_1)
FN:33,(anonymous_2)
FN:37,(anonymous_3)
FN:57,(anonymous_4)
FN:59,(anonymous_5)
FN:61,(anonymous_6)
FNF:7
FNH:7
FNDA:7,(anonymous_0)
FNDA:1,(anonymous_1)
FNDA:1,(anonymous_2)
FNDA:2,(anonymous_3)
FNDA:1,(anonymous_4)
FNDA:1,(anonymous_5)
FNDA:1,(anonymous_6)
DA:16,3
DA:17,3
DA:21,7
DA:22,7
DA:23,7
DA:24,7
DA:25,7
DA:26,7
DA:30,1
DA:34,1
DA:38,2
DA:40,2
DA:47,2
DA:53,2
DA:54,2
DA:58,1
DA:59,1
DA:60,1
DA:61,1
DA:62,1
DA:63,1
LF:21
LH:21
BRF:0
BRH:0
end_of_record
TN:
SF:/home/oliver/Development/Aula/aip/src/api/middlewares.js
FN:2,(anonymous_0)
FN:8,(anonymous_1)
FN:10,(anonymous_2)
FN:10,(anonymous_3)
FN:26,(anonymous_4)
FN:26,(anonymous_5)
FNF:6
FNH:6
FNDA:1,(anonymous_0)
FNDA:1,(anonymous_1)
FNDA:7,(anonymous_2)
FNDA:3,(anonymous_3)
FNDA:4,(anonymous_4)
FNDA:2,(anonymous_5)
DA:2,4
DA:3,1
DA:4,1
DA:8,4
DA:10,7
DA:11,3
DA:12,2
DA:13,2
DA:14,1
DA:15,1
DA:16,1
DA:17,1
DA:19,1
DA:22,1
DA:26,4
DA:27,2
DA:28,2
DA:29,1
DA:32,2
LF:19
LH:19
BRDA:11,0,0,2
BRDA:11,0,1,1
BRDA:13,1,0,1
BRDA:13,1,1,1
BRDA:13,2,0,2
BRDA:13,2,1,1
BRDA:28,3,0,1
BRDA:28,3,1,1
BRF:8
BRH:8
end_of_record
TN:
SF:/home/oliver/Development/Aula/aip/src/api/routers/health.js
FN:5,(anonymous_0)
FNF:1
FNH:1
FNDA:2,(anonymous_0)
DA:3,4
DA:5,4
DA:6,2
LF:3
LH:3
BRF:0
BRH:0
end_of_record
TN:
SF:/home/oliver/Development/Aula/aip/src/api/routers/identity.js
FN:3,(anonymous_0)
FN:6,(anonymous_1)
FNF:2
FNH:2
FNDA:5,(anonymous_0)
FNDA:2,(anonymous_1)
DA:3,4
DA:4,5
DA:6,5
DA:7,2
DA:8,2
DA:10,2
DA:11,1
DA:13,1
DA:16,2
DA:17,2
DA:20,5
LF:11
LH:11
BRDA:10,0,0,1
BRDA:10,0,1,1
BRF:2
BRH:2
end_of_record
TN:
SF:/home/oliver/Development/Aula/aip/src/api/routers/update.js
FN:4,(anonymous_0)
FN:8,(anonymous_1)
FN:11,(anonymous_2)
FNF:3
FNH:3
FNDA:2,(anonymous_0)
FNDA:3,(anonymous_1)
FNDA:1,(anonymous_2)
DA:4,4
DA:5,2
DA:8,4
DA:9,3
DA:11,3
DA:12,1
DA:13,1
DA:16,3
LF:8
LH:8
BRF:0
BRH:0
end_of_record
TN:
SF:/home/oliver/Development/Aula/aip/src/utils/express.js
FN:2,(anonymous_0)
FNF:1
FNH:1
FNDA:1,(anonymous_0)
DA:2,3
DA:3,1
LF:2
LH:2
BRF:0
BRH:0
end_of_record
